<?xml version="1.0" encoding="UTF-8"?>
<!-- Generated by org.testng.reporters.JUnitXMLReporter -->
<testsuite hostname="LAPTOP-IAQHS7UT" ignored="4" name="ChromeTest" tests="4" failures="1" timestamp="09 Jul 2023 04:41:08 GMT" time="51.182" errors="0">
  <testcase name="verifyHomePageAndSearchProduct" time="3.373" classname="com.WebstaurantStore.Tests.HomePageTest"/>
  <testcase name="verifyProductAddedToCart" time="34.922" classname="com.WebstaurantStore.Tests.SearchResultTest"/>
  <testcase name="verifySearchAndProductTitle" time="0.977" classname="com.WebstaurantStore.Tests.SearchResultTest">
    <failure type="java.lang.AssertionError" message="The following asserts failed:
	All products don&amp;apos;t contain the expected keyword. Unmatched title is printed in the console. expected [true] but found [false]">
      <![CDATA[java.lang.AssertionError: The following asserts failed:
All products don't contain the expected keyword. Unmatched title is printed in the console. expected [true] but found [false]
at com.WebstaurantStore.Tests.SearchResultTest.verifySearchAndProductTitle(SearchResultTest.java:29)
... Removed 26 stack frames]]>
    </failure>
  </testcase> <!-- verifySearchAndProductTitle -->
  <testcase name="verifyCartFunctionality" time="6.572" classname="com.WebstaurantStore.Tests.CartFuntionalityTest"/>
  <testcase name="@AfterTest tearDown" time="0.0" classname="com.WebstaurantStore.Tests.TestBase">
    <ignored/>
  </testcase> <!-- @AfterTest tearDown -->
  <testcase name="@AfterTest tearDown" time="0.0" classname="com.WebstaurantStore.Tests.TestBase">
    <ignored/>
  </testcase> <!-- @AfterTest tearDown -->
  <testcase name="@BeforeTest init" time="0.0" classname="com.WebstaurantStore.Tests.TestBase">
    <ignored/>
  </testcase> <!-- @BeforeTest init -->
  <testcase name="@BeforeTest init" time="0.0" classname="com.WebstaurantStore.Tests.TestBase">
    <ignored/>
  </testcase> <!-- @BeforeTest init -->
</testsuite> <!-- ChromeTest -->
