<?xml version="1.0" encoding="UTF-8"?>
<testng-results skipped="0" failed="1" ignored="4" total="8" passed="3">
  <reporter-output>
  </reporter-output>
  <suite name="Suite" duration-ms="51182" started-at="2023-07-09T04:40:17Z" finished-at="2023-07-09T04:41:08Z">
    <groups>
    </groups>
    <test name="ChromeTest" duration-ms="51182" started-at="2023-07-09T04:40:17Z" finished-at="2023-07-09T04:41:08Z">
      <class name="com.WebstaurantStore.Tests.HomePageTest">
        <test-method status="PASS" signature="init(java.lang.String, java.lang.reflect.Method)[pri:0, instance:com.WebstaurantStore.Tests.HomePageTest@197d671]" name="init" is-config="true" duration-ms="4171" started-at="2023-07-09T04:40:17Z" finished-at="2023-07-09T04:40:21Z">
          <params>
            <param index="0">
              <value>
                <![CDATA[chrome]]>
              </value>
            </param>
            <param index="1">
              <value is-null="true"/>
            </param>
          </params>
          <reporter-output>
          </reporter-output>
        </test-method> <!-- init -->
        <test-method status="PASS" signature="verifyHomePageAndSearchProduct()[pri:0, instance:com.WebstaurantStore.Tests.HomePageTest@197d671]" name="verifyHomePageAndSearchProduct" duration-ms="3373" started-at="2023-07-09T04:40:21Z" finished-at="2023-07-09T04:40:24Z">
          <reporter-output>
          </reporter-output>
        </test-method> <!-- verifyHomePageAndSearchProduct -->
        <test-method status="PASS" signature="tearDown()[pri:0, instance:com.WebstaurantStore.Tests.HomePageTest@197d671]" name="tearDown" is-config="true" duration-ms="925" started-at="2023-07-09T04:41:07Z" finished-at="2023-07-09T04:41:08Z">
          <reporter-output>
          </reporter-output>
        </test-method> <!-- tearDown -->
      </class> <!-- com.WebstaurantStore.Tests.HomePageTest -->
      <class name="com.WebstaurantStore.Tests.CartFuntionalityTest">
        <test-method status="PASS" signature="verifyCartFunctionality()[pri:0, instance:com.WebstaurantStore.Tests.CartFuntionalityTest@79ad8b2f]" name="verifyCartFunctionality" duration-ms="6572" started-at="2023-07-09T04:41:01Z" finished-at="2023-07-09T04:41:07Z">
          <reporter-output>
          </reporter-output>
        </test-method> <!-- verifyCartFunctionality -->
      </class> <!-- com.WebstaurantStore.Tests.CartFuntionalityTest -->
      <class name="com.WebstaurantStore.Tests.SearchResultTest">
        <test-method status="PASS" signature="verifyProductAddedToCart()[pri:0, instance:com.WebstaurantStore.Tests.SearchResultTest@402e37bc]" name="verifyProductAddedToCart" duration-ms="34922" started-at="2023-07-09T04:40:24Z" finished-at="2023-07-09T04:40:59Z">
          <reporter-output>
          </reporter-output>
        </test-method> <!-- verifyProductAddedToCart -->
        <test-method status="FAIL" signature="verifySearchAndProductTitle()[pri:0, instance:com.WebstaurantStore.Tests.SearchResultTest@402e37bc]" name="verifySearchAndProductTitle" duration-ms="977" started-at="2023-07-09T04:40:59Z" finished-at="2023-07-09T04:41:00Z">
          <exception class="java.lang.AssertionError">
            <message>
              <![CDATA[The following asserts failed:
All products don't contain the expected keyword. Unmatched title is printed in the console. expected [true] but found [false]]]>
            </message>
            <full-stacktrace>
              <![CDATA[java.lang.AssertionError: The following asserts failed:
All products don't contain the expected keyword. Unmatched title is printed in the console. expected [true] but found [false]
at org.testng.asserts.SoftAssert.assertAll(SoftAssert.java:43)
at com.WebstaurantStore.Tests.SearchResultTest.verifySearchAndProductTitle(SearchResultTest.java:29)
at sun.reflect.NativeMethodAccessorImpl.invoke0(Native Method)
at sun.reflect.NativeMethodAccessorImpl.invoke(NativeMethodAccessorImpl.java:62)
at sun.reflect.DelegatingMethodAccessorImpl.invoke(DelegatingMethodAccessorImpl.java:43)
at java.lang.reflect.Method.invoke(Method.java:498)
at org.testng.internal.MethodInvocationHelper.invokeMethod(MethodInvocationHelper.java:124)
at org.testng.internal.Invoker.invokeMethod(Invoker.java:583)
at org.testng.internal.Invoker.invokeTestMethod(Invoker.java:719)
at org.testng.internal.Invoker.invokeTestMethods(Invoker.java:989)
at org.testng.internal.TestMethodWorker.invokeTestMethods(TestMethodWorker.java:125)
at org.testng.internal.TestMethodWorker.run(TestMethodWorker.java:109)
at org.testng.TestRunner.privateRun(TestRunner.java:648)
at org.testng.TestRunner.run(TestRunner.java:505)
at org.testng.SuiteRunner.runTest(SuiteRunner.java:455)
at org.testng.SuiteRunner.runSequentially(SuiteRunner.java:450)
at org.testng.SuiteRunner.privateRun(SuiteRunner.java:415)
at org.testng.SuiteRunner.run(SuiteRunner.java:364)
at org.testng.SuiteRunnerWorker.runSuite(SuiteRunnerWorker.java:52)
at org.testng.SuiteRunnerWorker.run(SuiteRunnerWorker.java:84)
at org.testng.TestNG.runSuitesSequentially(TestNG.java:1208)
at org.testng.TestNG.runSuitesLocally(TestNG.java:1137)
at org.testng.TestNG.runSuites(TestNG.java:1049)
at org.testng.TestNG.run(TestNG.java:1017)
at org.testng.remote.AbstractRemoteTestNG.run(AbstractRemoteTestNG.java:115)
at org.testng.remote.RemoteTestNG.initAndRun(RemoteTestNG.java:251)
at org.testng.remote.RemoteTestNG.main(RemoteTestNG.java:77)
]]>
            </full-stacktrace>
          </exception> <!-- java.lang.AssertionError -->
          <reporter-output>
          </reporter-output>
        </test-method> <!-- verifySearchAndProductTitle -->
      </class> <!-- com.WebstaurantStore.Tests.SearchResultTest -->
    </test> <!-- ChromeTest -->
  </suite> <!-- Suite -->
</testng-results>
